WARNING - Can't mix without an image being uploaded
WARNING - Can't mix without an image being uploaded
WARNING - Can't mix without an image being uploaded
WARNING - Can't mix without an image being uploaded
WARNING - Can't mix without an image being uploaded
WARNING - Can't mix without an image being uploaded
WARNING - Can't mix without an image being uploaded
WARNING - Can't mix without an image being uploaded
ERROR - Can't Update Brightness Unless An Image Is Uploaded
INFO - Browsing Image
INFO - Browsed Successfully
INFO - Started To Compute Fourier Components
INFO - Changing Brightness & Contrast
INFO - Started To Compute Fourier Components
INFO - Started To Compute Fourier Components
INFO - Started To Compute Fourier Components
INFO - Started To Compute Fourier Components
INFO - Started To Compute Fourier Components
INFO - Started To Compute Fourier Components
INFO - Started To Compute Fourier Components
INFO - Changing Brightness & Contrast
INFO - Started To Compute Fourier Components
INFO - Started To Compute Fourier Components
INFO - Started To Compute Fourier Components
INFO - Started To Compute Fourier Components
INFO - Started To Compute Fourier Components
INFO - Started To Compute Fourier Components
INFO - Started To Compute Fourier Components
WARNING - Press Left Mouse To Be Able To Change Brightness
WARNING - Press Left Mouse To Be Able To Change Brightness
INFO - Changing Brightness & Contrast
INFO - Started To Compute Fourier Components
INFO - Started To Compute Fourier Components
INFO - Started To Compute Fourier Components
INFO - Started To Compute Fourier Components
INFO - Started To Compute Fourier Components
INFO - Started To Compute Fourier Components
INFO - Started To Compute Fourier Components
INFO - Started To Compute Fourier Components
INFO - Started To Compute Fourier Components
INFO - Started To Compute Fourier Components
INFO - Started To Compute Fourier Components
INFO - Started To Compute Fourier Components
INFO - Started To Compute Fourier Components
INFO - Started To Compute Fourier Components
INFO - Started To Compute Fourier Components
INFO - Started To Compute Fourier Components
INFO - Started To Compute Fourier Components
